<?xml version="1.0" encoding="UTF-8"?>
<!-- Generated by org.testng.reporters.JUnitReportReporter -->
<testsuite hostname="DESKTOP-MS5PJGN" name="PrimeMultiplicationTableTest" tests="20" failures="0" timestamp="10 May 2016 05:58:38 GMT" time="0.137" errors="0">
  <testcase name="testGetPrimeNumberMultiplicationList" time="0.003" classname="PrimeMultiplicationTableTest"/>
  <testcase name="testGetPrimeNumber_NegativeSize" time="0.002" classname="PrimeMultiplicationTableTest"/>
  <testcase name="testGetPrimeNumberList" time="0.010" classname="PrimeMultiplicationTableTest"/>
  <testcase name="testGetPrimeNumberMultiplicationList" time="0.010" classname="PrimeMultiplicationTableTest"/>
  <testcase name="testGetPrimeNumberList" time="0.005" classname="PrimeMultiplicationTableTest"/>
  <testcase name="testGetPrimeNumber_NegativeSize" time="0.012" classname="PrimeMultiplicationTableTest"/>
  <testcase name="testGetPrimeNumberMultiplicationList" time="0.019" classname="PrimeMultiplicationTableTest"/>
  <testcase name="testGetPrimeNumberMultiplicationList" time="0.002" classname="PrimeMultiplicationTableTest"/>
  <testcase name="testGetPrimeNumberMultiplicationList" time="0.010" classname="PrimeMultiplicationTableTest"/>
  <testcase name="testGetPrimeNumber_NegativeSize" time="0.002" classname="PrimeMultiplicationTableTest"/>
  <testcase name="testGetPrimeNumber_NegativeSize" time="0.001" classname="PrimeMultiplicationTableTest"/>
  <testcase name="testGetPrimeNumberList" time="0.000" classname="PrimeMultiplicationTableTest"/>
  <testcase name="testGetPrimeNumberList" time="0.002" classname="PrimeMultiplicationTableTest"/>
  <testcase name="testGetPrimeNumberMultiplicationList" time="0.044" classname="PrimeMultiplicationTableTest"/>
  <testcase name="testGetPrimeNumberMultiplicationEmptyList" time="0.003" classname="PrimeMultiplicationTableTest"/>
  <testcase name="testGetPrimeNumberList" time="0.001" classname="PrimeMultiplicationTableTest"/>
  <testcase name="testGetPrimeNumberList" time="0.001" classname="PrimeMultiplicationTableTest"/>
  <testcase name="testGetPrimeNumberMultiplicationList" time="0.002" classname="PrimeMultiplicationTableTest"/>
  <testcase name="testGetPrimeNumberList" time="0.003" classname="PrimeMultiplicationTableTest"/>
  <testcase name="testGetPrimeNumber_NegativeSize" time="0.005" classname="PrimeMultiplicationTableTest"/>
</testsuite> <!-- PrimeMultiplicationTableTest -->
